Performing C SOURCE FILE Test CMAKE_HAVE_LIBC_PTHREAD failed with the following output:
Change Dir: /home/user/EE6470/homework2/part1/build/CMakeFiles/CMakeTmp

Run Build Command(s):/usr/bin/make cmTC_90725/fast && make: Warning: File 'Makefile' has modification time 0.29 s in the future
/usr/bin/make -f CMakeFiles/cmTC_90725.dir/build.make CMakeFiles/cmTC_90725.dir/build
make[1]: Entering directory '/home/user/EE6470/homework2/part1/build/CMakeFiles/CMakeTmp'
make[1]: Warning: File 'CMakeFiles/cmTC_90725.dir/flags.make' has modification time 0.15 s in the future
Building C object CMakeFiles/cmTC_90725.dir/src.c.o
/usr/bin/cc   -DCMAKE_HAVE_LIBC_PTHREAD   -o CMakeFiles/cmTC_90725.dir/src.c.o   -c /home/user/EE6470/homework2/part1/build/CMakeFiles/CMakeTmp/src.c
Linking C executable cmTC_90725
/usr/bin/cmake -E cmake_link_script CMakeFiles/cmTC_90725.dir/link.txt --verbose=1
/usr/bin/cc  -DCMAKE_HAVE_LIBC_PTHREAD    -rdynamic CMakeFiles/cmTC_90725.dir/src.c.o  -o cmTC_90725 
/usr/bin/ld: CMakeFiles/cmTC_90725.dir/src.c.o: in function `main':
src.c:(.text+0x46): undefined reference to `pthread_create'
/usr/bin/ld: src.c:(.text+0x52): undefined reference to `pthread_detach'
/usr/bin/ld: src.c:(.text+0x63): undefined reference to `pthread_join'
collect2: error: ld returned 1 exit status
make[1]: *** [CMakeFiles/cmTC_90725.dir/build.make:87: cmTC_90725] Error 1
make[1]: Leaving directory '/home/user/EE6470/homework2/part1/build/CMakeFiles/CMakeTmp'
make: *** [Makefile:121: cmTC_90725/fast] Error 2


Source file was:
#include <pthread.h>

void* test_func(void* data)
{
  return data;
}

int main(void)
{
  pthread_t thread;
  pthread_create(&thread, NULL, test_func, NULL);
  pthread_detach(thread);
  pthread_join(thread, NULL);
  pthread_atfork(NULL, NULL, NULL);
  pthread_exit(NULL);

  return 0;
}

